-------------------------------------------------------------------------------
Test set: TestSuite
-------------------------------------------------------------------------------
Tests run: 5, Failures: 1, Errors: 0, Skipped: 4, Time elapsed: 4.825 s <<< FAILURE! - in TestSuite
loginPage(OSF.CreateAnApplication)  Time elapsed: 0.82 s  <<< FAILURE!
java.lang.AssertionError: expected [Pobierz login i has³o1] but found [Pobierz login i has³o]
	at OSF.CreateAnApplication.loginPage(CreateAnApplication.java:33)

