<?xml version="1.0" encoding="UTF-8"?>
<testng-results skipped="0" failed="0" ignored="0" total="1" passed="1">
  <reporter-output>
  </reporter-output>
  <suite name="Surefire suite" duration-ms="5536" started-at="2021-02-09T15:27:48 CET" finished-at="2021-02-09T15:27:54 CET">
    <groups>
    </groups>
    <test name="Surefire test" duration-ms="5536" started-at="2021-02-09T15:27:48 CET" finished-at="2021-02-09T15:27:54 CET">
      <class name="OSF.LoginAplication">
        <test-method status="PASS" signature="initialize()[pri:0, instance:OSF.LoginAplication@2d1ef81a]" name="initialize" is-config="true" duration-ms="3400" started-at="2021-02-09T15:27:48 CET" finished-at="2021-02-09T15:27:52 CET">
          <reporter-output>
          </reporter-output>
        </test-method> <!-- initialize -->
        <test-method status="PASS" signature="loginPage(java.lang.String, java.lang.String)[pri:0, instance:OSF.LoginAplication@2d1ef81a]" name="loginPage" duration-ms="2087" started-at="2021-02-09T15:27:52 CET" data-provider="getData" finished-at="2021-02-09T15:27:54 CET">
          <params>
            <param index="0">
              <value>
                <![CDATA[automattest4]]>
              </value>
            </param>
            <param index="1">
              <value>
                <![CDATA[Test1234]]>
              </value>
            </param>
          </params>
          <reporter-output>
          </reporter-output>
        </test-method> <!-- loginPage -->
        <test-method status="PASS" signature="teardown()[pri:0, instance:OSF.LoginAplication@2d1ef81a]" name="teardown" is-config="true" duration-ms="34" started-at="2021-02-09T15:27:54 CET" finished-at="2021-02-09T15:27:54 CET">
          <reporter-output>
          </reporter-output>
        </test-method> <!-- teardown -->
      </class> <!-- OSF.LoginAplication -->
    </test> <!-- Surefire test -->
  </suite> <!-- Surefire suite -->
</testng-results>
