<?xml version="1.0" encoding="UTF-8"?>
<testsuite xmlns:xsi="http://www.w3.org/2001/XMLSchema-instance" xsi:noNamespaceSchemaLocation="https://maven.apache.org/surefire/maven-surefire-plugin/xsd/surefire-test-report.xsd" name="TestSuite" time="18.515" tests="9" errors="0" skipped="0" failures="0">
  <properties>
[...]
</properties>
  <testcase name="loginPage" classname="OSF.CreateAnApplication" time="2.017"/>
  <testcase name="loginPage" classname="OSF.LoginAplication" time="2.09"/>
  <testcase name="loginPage" classname="OSF.LoginAplicationValidation" time="1.455"/>
  <testcase name="createAplication" classname="OSF.CreateAnApplication" time="0.322"/>
  <testcase name="validateSuccesfullyLogin" classname="OSF.LoginAplicationValidation" time="0.179"/>
  <testcase name="selectAgency" classname="OSF.CreateAnApplication" time="0.351"/>
  <testcase name="validateNavigateToHomePage" classname="OSF.LoginAplicationValidation" time="0.528"/>
  <testcase name="newApplication" classname="OSF.CreateAnApplication" time="1.3"/>
  <testcase name="uzupelnijWnioskodawca" classname="OSF.CreateAnApplication" time="5.846"/>
</testsuite>