<?xml version="1.0" encoding="UTF-8"?>
<testng-results ignored="0" total="3" passed="3" failed="0" skipped="0">
  <reporter-output>
  </reporter-output>
  <suite started-at="2021-03-29T16:31:23 CEST" name="All Test Suite" finished-at="2021-03-29T16:31:27 CEST" duration-ms="4144">
    <groups>
    </groups>
    <test started-at="2021-03-29T16:31:23 CEST" name="Create an application/Login validation" finished-at="2021-03-29T16:31:27 CEST" duration-ms="4144">
      <class name="OSF.LoginAplicationValidation">
        <test-method is-config="true" signature="initialize()[pri:0, instance:OSF.LoginAplicationValidation@3ec11999]" started-at="2021-03-29T16:31:23 CEST" name="initialize" finished-at="2021-03-29T16:31:24 CEST" duration-ms="1333" status="PASS">
          <reporter-output>
          </reporter-output>
        </test-method> <!-- initialize -->
        <test-method signature="loginPage(java.lang.String, java.lang.String)[pri:0, instance:OSF.LoginAplicationValidation@3ec11999]" started-at="2021-03-29T16:31:24 CEST" name="loginPage" data-provider="getData" finished-at="2021-03-29T16:31:26 CEST" duration-ms="2121" status="PASS">
          <params>
            <param index="0">
              <value>
                <![CDATA[automattest4]]>
              </value>
            </param>
            <param index="1">
              <value>
                <![CDATA[Test12345]]>
              </value>
            </param>
          </params>
          <reporter-output>
          </reporter-output>
        </test-method> <!-- loginPage -->
        <test-method signature="validateSuccesfullyLogin()[pri:0, instance:OSF.LoginAplicationValidation@3ec11999]" started-at="2021-03-29T16:31:26 CEST" name="validateSuccesfullyLogin" finished-at="2021-03-29T16:31:26 CEST" depends-on-methods="OSF.LoginAplicationValidation.loginPage" duration-ms="125" status="PASS">
          <reporter-output>
          </reporter-output>
        </test-method> <!-- validateSuccesfullyLogin -->
        <test-method signature="validateNavigateToHomePage()[pri:0, instance:OSF.LoginAplicationValidation@3ec11999]" started-at="2021-03-29T16:31:26 CEST" name="validateNavigateToHomePage" finished-at="2021-03-29T16:31:27 CEST" depends-on-methods="OSF.LoginAplicationValidation.validateSuccesfullyLogin" duration-ms="502" status="PASS">
          <reporter-output>
          </reporter-output>
        </test-method> <!-- validateNavigateToHomePage -->
        <test-method is-config="true" signature="teardown()[pri:0, instance:OSF.LoginAplicationValidation@3ec11999]" started-at="2021-03-29T16:31:27 CEST" name="teardown" finished-at="2021-03-29T16:31:27 CEST" duration-ms="40" status="PASS">
          <reporter-output>
          </reporter-output>
        </test-method> <!-- teardown -->
      </class> <!-- OSF.LoginAplicationValidation -->
    </test> <!-- Create an application/Login validation -->
  </suite> <!-- All Test Suite -->
</testng-results>
