<?xml version="1.0" encoding="UTF-8"?>
<!-- Generated by org.testng.reporters.JUnitXMLReporter -->
<testsuite hostname="W-20191203033" ignored="0" name="Create an application" tests="5" failures="1" timestamp="2021-02-09T15:26:44 CET" time="4.309" errors="0">
  <testcase name="loginPage" time="0.486" classname="OSF.CreateAnApplication">
    <failure type="java.lang.AssertionError" message="expected [Pobierz login i hasło1] but found [Pobierz login i hasło]">
      <![CDATA[java.lang.AssertionError: expected [Pobierz login i hasło1] but found [Pobierz login i hasło]
at OSF.CreateAnApplication.loginPage(CreateAnApplication.java:33)
at java.util.ArrayList.forEach(ArrayList.java:1257)
... Removed 36 stack frames]]>
    </failure>
  </testcase> <!-- loginPage -->
  <testcase name="createAplication" time="0.0" classname="OSF.CreateAnApplication">
    <skipped/>
  </testcase> <!-- createAplication -->
  <testcase name="selectAgency" time="0.0" classname="OSF.CreateAnApplication">
    <skipped/>
  </testcase> <!-- selectAgency -->
  <testcase name="newApplication" time="0.0" classname="OSF.CreateAnApplication">
    <skipped/>
  </testcase> <!-- newApplication -->
  <testcase name="uzupelnijWnioskodawca" time="0.0" classname="OSF.CreateAnApplication">
    <skipped/>
  </testcase> <!-- uzupelnijWnioskodawca -->
</testsuite> <!-- Create an application -->
