<?xml version="1.0" encoding="UTF-8"?>
<!-- Generated by org.testng.reporters.JUnitXMLReporter -->
<testsuite ignored="0" hostname="W-20191203033" failures="0" tests="3" name="Create an application/Login validation" time="4.144" errors="0" timestamp="2021-03-29T16:31:27 CEST">
  <testcase classname="OSF.LoginAplicationValidation" name="loginPage" time="2.121"/>
  <testcase classname="OSF.LoginAplicationValidation" name="validateSuccesfullyLogin" time="0.125"/>
  <testcase classname="OSF.LoginAplicationValidation" name="validateNavigateToHomePage" time="0.502"/>
</testsuite> <!-- Create an application/Login validation -->
