<?xml version="1.0" encoding="UTF-8"?>
<!-- Generated by org.testng.reporters.JUnitXMLReporter -->
<testsuite ignored="0" hostname="W-20191203033" failures="0" tests="9" name="Login validation" time="17.632" errors="0" timestamp="2021-04-01T13:39:58 CEST">
  <testcase classname="OSF.CreateAnApplication" name="loginPage" time="2.016"/>
  <testcase classname="OSF.LoginAplication" name="loginPage" time="2.09"/>
  <testcase classname="OSF.LoginAplicationValidation" name="loginPage" time="1.455"/>
  <testcase classname="OSF.CreateAnApplication" name="createAplication" time="0.321"/>
  <testcase classname="OSF.LoginAplicationValidation" name="validateSuccesfullyLogin" time="0.179"/>
  <testcase classname="OSF.CreateAnApplication" name="selectAgency" time="0.351"/>
  <testcase classname="OSF.LoginAplicationValidation" name="validateNavigateToHomePage" time="0.528"/>
  <testcase classname="OSF.CreateAnApplication" name="newApplication" time="1.301"/>
  <testcase classname="OSF.CreateAnApplication" name="uzupelnijWnioskodawca" time="5.846"/>
</testsuite> <!-- Login validation -->
